3.893040000000000000e+05
3.987440000000000000e+05
4.069760000000000000e+05
4.111040000000000000e+05
4.194080000000000000e+05
4.274080000000000000e+05
4.355680000000000000e+05
4.397040000000000000e+05
4.476800000000000000e+05
4.521040000000000000e+05
4.620800000000000000e+05
4.756000000000000000e+05
4.891200000000000000e+05
5.026400000000000000e+05
5.161600000000000000e+05
5.296800000000000000e+05
5.432000000000000000e+05
5.567200000000000000e+05
5.702400000000000000e+05
5.837600000000000000e+05
5.972800000000000000e+05
6.108000000000000000e+05
6.243200000000000000e+05
6.378400000000000000e+05
6.513600000000000000e+05
6.648800000000000000e+05
6.784000000000000000e+05
6.919200000000000000e+05
7.054440000000000000e+05
7.189600000000000000e+05
7.324800000000000000e+05
7.460000000000000000e+05
7.595200000000000000e+05
7.730400000000000000e+05
7.865600000000000000e+05
8.000800000000000000e+05
8.136000000000000000e+05
8.271200000000000000e+05
8.406400000000000000e+05
8.541600000000000000e+05
8.676800000000000000e+05
8.812000000000000000e+05
8.947200000000000000e+05
9.082400000000000000e+05
9.217600000000000000e+05
9.352800000000000000e+05
9.488000000000000000e+05
9.623200000000000000e+05
9.758400000000000000e+05
9.893600000000000000e+05
1.002880000000000000e+06
1.017440000000000000e+06
1.032000000000000000e+06
1.046560000000000000e+06
1.061120000000000000e+06
1.075680000000000000e+06
1.090240000000000000e+06
1.104800000000000000e+06
1.119360000000000000e+06
1.133920000000000000e+06
1.148480000000000000e+06
1.163040000000000000e+06
1.177608000000000000e+06
1.192160000000000000e+06
1.206720000000000000e+06
1.221280000000000000e+06
1.235840000000000000e+06
1.250400000000000000e+06
1.264960000000000000e+06
1.279520000000000000e+06
1.294080000000000000e+06
1.308640000000000000e+06
1.323200000000000000e+06
1.337760000000000000e+06
1.352320000000000000e+06
1.366880000000000000e+06
1.381444000000000000e+06
1.396000000000000000e+06
1.410560000000000000e+06
1.425120000000000000e+06
1.439680000000000000e+06
1.454240000000000000e+06
1.468800000000000000e+06
1.483360000000000000e+06
1.497920000000000000e+06
1.512480000000000000e+06
1.527040000000000000e+06
1.541600000000000000e+06
1.556160000000000000e+06
1.570720000000000000e+06
1.585280000000000000e+06
1.599840000000000000e+06
1.614400000000000000e+06
1.628960000000000000e+06
1.643528000000000000e+06
1.658080000000000000e+06
1.672640000000000000e+06
1.687200000000000000e+06
1.701760000000000000e+06
1.716320000000000000e+06
1.730880000000000000e+06
1.745440000000000000e+06
1.760000000000000000e+06
1.774560000000000000e+06
1.789120000000000000e+06
1.803680000000000000e+06
1.818240000000000000e+06
1.832800000000000000e+06
1.847360000000000000e+06
1.861920000000000000e+06
1.876480000000000000e+06
1.891040000000000000e+06
1.905600000000000000e+06
1.920160000000000000e+06
1.934720000000000000e+06
1.949280000000000000e+06
1.963840000000000000e+06
1.978400000000000000e+06
1.992960000000000000e+06
2.007520000000000000e+06
2.022080000000000000e+06
2.036640000000000000e+06
2.051200000000000000e+06
2.065760000000000000e+06
2.080320000000000000e+06
2.094880000000000000e+06
2.109448000000000000e+06
2.124000000000000000e+06
2.138560000000000000e+06
2.153120000000000000e+06
2.167680000000000000e+06
2.182240000000000000e+06
2.196800000000000000e+06
2.211360000000000000e+06
2.225920000000000000e+06
2.240480000000000000e+06
2.255040000000000000e+06
2.269600000000000000e+06
2.284160000000000000e+06
2.298720000000000000e+06
2.313280000000000000e+06
2.327840000000000000e+06
2.342400000000000000e+06
2.356960000000000000e+06
2.371520000000000000e+06
2.386080000000000000e+06
2.400640000000000000e+06
2.415200000000000000e+06
2.429760000000000000e+06
2.444320000000000000e+06
2.458880000000000000e+06
2.473440000000000000e+06
2.488000000000000000e+06
2.502560000000000000e+06
2.517120000000000000e+06
2.531680000000000000e+06
2.546240000000000000e+06
2.560800000000000000e+06
2.575368000000000000e+06
2.589920000000000000e+06
2.604480000000000000e+06
2.619040000000000000e+06
2.633600000000000000e+06
2.648160000000000000e+06
2.662720000000000000e+06
2.677280000000000000e+06
2.691840000000000000e+06
2.706400000000000000e+06
2.720960000000000000e+06
2.735520000000000000e+06
2.750080000000000000e+06
2.764640000000000000e+06
2.779200000000000000e+06
2.793760000000000000e+06
2.808320000000000000e+06
2.822880000000000000e+06
2.837440000000000000e+06
2.852000000000000000e+06
2.866560000000000000e+06
2.881120000000000000e+06
2.895680000000000000e+06
2.910240000000000000e+06
2.924800000000000000e+06
2.939360000000000000e+06
2.953920000000000000e+06
2.968480000000000000e+06
2.983040000000000000e+06
2.997600000000000000e+06
3.012160000000000000e+06
3.026720000000000000e+06
3.041288000000000000e+06
3.055840000000000000e+06
3.070400000000000000e+06
3.084960000000000000e+06
3.099520000000000000e+06
3.114080000000000000e+06
3.128640000000000000e+06
3.143200000000000000e+06
3.157760000000000000e+06
3.172320000000000000e+06
3.186880000000000000e+06
3.201440000000000000e+06
3.216000000000000000e+06
3.230560000000000000e+06
3.245120000000000000e+06
3.259680000000000000e+06
3.274240000000000000e+06
3.288800000000000000e+06
3.303360000000000000e+06
3.317920000000000000e+06
3.332480000000000000e+06
3.347040000000000000e+06
3.361600000000000000e+06
3.376160000000000000e+06
3.390720000000000000e+06
3.405280000000000000e+06
3.419840000000000000e+06
3.434400000000000000e+06
3.448960000000000000e+06
3.463520000000000000e+06
3.478080000000000000e+06
3.492640000000000000e+06
3.507208000000000000e+06
3.521760000000000000e+06
3.536320000000000000e+06
3.550880000000000000e+06
3.565440000000000000e+06
3.580000000000000000e+06
3.594560000000000000e+06
3.609120000000000000e+06
3.623680000000000000e+06
3.638240000000000000e+06
3.652800000000000000e+06
3.667360000000000000e+06
3.681920000000000000e+06
3.696480000000000000e+06
3.711040000000000000e+06
3.725600000000000000e+06
3.740160000000000000e+06
3.754720000000000000e+06
3.769280000000000000e+06
3.783840000000000000e+06
3.798400000000000000e+06
3.812960000000000000e+06
3.827520000000000000e+06
3.842080000000000000e+06
3.856640000000000000e+06
3.871200000000000000e+06
3.885760000000000000e+06
3.900320000000000000e+06
3.914880000000000000e+06
3.929440000000000000e+06
3.944000000000000000e+06
3.958560000000000000e+06
3.973128000000000000e+06
3.987680000000000000e+06
4.002240000000000000e+06
4.016800000000000000e+06
4.031360000000000000e+06
4.045920000000000000e+06
4.060480000000000000e+06
4.075040000000000000e+06
4.089600000000000000e+06
4.104160000000000000e+06
4.118720000000000000e+06
4.133280000000000000e+06
4.147840000000000000e+06
4.162400000000000000e+06
4.176960000000000000e+06
4.191520000000000000e+06
4.206080000000000000e+06
4.220640000000000000e+06
4.235200000000000000e+06
4.249760000000000000e+06
4.264320000000000000e+06
4.278880000000000000e+06
4.293440000000000000e+06
4.308000000000000000e+06
4.322560000000000000e+06
4.337120000000000000e+06
4.351680000000000000e+06
4.366240000000000000e+06
4.380800000000000000e+06
4.395360000000000000e+06
4.409920000000000000e+06
4.424480000000000000e+06
4.439048000000000000e+06
4.453600000000000000e+06
4.468160000000000000e+06
4.482720000000000000e+06
4.497280000000000000e+06
4.511840000000000000e+06
4.526400000000000000e+06
4.540960000000000000e+06
4.555520000000000000e+06
4.570080000000000000e+06
4.584640000000000000e+06
4.599200000000000000e+06
4.613760000000000000e+06
4.628320000000000000e+06
4.642880000000000000e+06
4.657440000000000000e+06
4.672000000000000000e+06
4.686560000000000000e+06
4.701120000000000000e+06
4.715680000000000000e+06
4.730240000000000000e+06
4.744800000000000000e+06
4.759360000000000000e+06
4.773920000000000000e+06
4.788480000000000000e+06
4.803040000000000000e+06
4.817600000000000000e+06
4.832160000000000000e+06
4.846720000000000000e+06
4.861280000000000000e+06
4.875840000000000000e+06
4.890400000000000000e+06
4.904968000000000000e+06
4.919520000000000000e+06
4.934080000000000000e+06
4.948640000000000000e+06
4.963200000000000000e+06
4.977760000000000000e+06
4.992320000000000000e+06
5.006880000000000000e+06
5.021440000000000000e+06
5.036000000000000000e+06
5.050560000000000000e+06
5.065120000000000000e+06
5.079680000000000000e+06
5.094240000000000000e+06
5.108800000000000000e+06
5.123360000000000000e+06
5.137920000000000000e+06
5.152480000000000000e+06
5.167040000000000000e+06
5.181600000000000000e+06
5.196160000000000000e+06
5.210720000000000000e+06
5.225280000000000000e+06
5.239840000000000000e+06
5.254400000000000000e+06
5.268960000000000000e+06
5.283520000000000000e+06
5.298080000000000000e+06
5.312640000000000000e+06
5.327200000000000000e+06
5.341760000000000000e+06
5.356320000000000000e+06
5.370888000000000000e+06
5.385440000000000000e+06
5.400000000000000000e+06
5.414560000000000000e+06
5.429120000000000000e+06
5.443680000000000000e+06
5.458240000000000000e+06
5.472800000000000000e+06
5.487360000000000000e+06
5.501920000000000000e+06
5.516480000000000000e+06
5.531040000000000000e+06
5.545600000000000000e+06
5.560160000000000000e+06
5.574720000000000000e+06
5.589280000000000000e+06
5.603840000000000000e+06
5.618400000000000000e+06
5.632960000000000000e+06
5.647520000000000000e+06
5.662080000000000000e+06
5.676640000000000000e+06
5.691200000000000000e+06
5.705760000000000000e+06
5.720320000000000000e+06
5.734880000000000000e+06
5.749440000000000000e+06
5.764000000000000000e+06
5.778560000000000000e+06
5.793120000000000000e+06
5.807680000000000000e+06
5.822240000000000000e+06
5.836808000000000000e+06
5.851360000000000000e+06
5.865920000000000000e+06
5.880480000000000000e+06
5.895040000000000000e+06
5.909600000000000000e+06
5.924160000000000000e+06
5.938720000000000000e+06
5.953280000000000000e+06
5.967840000000000000e+06
5.982400000000000000e+06
5.996960000000000000e+06
6.011520000000000000e+06
6.026080000000000000e+06
6.040640000000000000e+06
6.055200000000000000e+06
6.069760000000000000e+06
6.084320000000000000e+06
6.098880000000000000e+06
6.113440000000000000e+06
6.128000000000000000e+06
6.142560000000000000e+06
6.157120000000000000e+06
6.171680000000000000e+06
6.186240000000000000e+06
6.200800000000000000e+06
6.215360000000000000e+06
6.229920000000000000e+06
6.244480000000000000e+06
6.259040000000000000e+06
6.273600000000000000e+06
6.288160000000000000e+06
6.302728000000000000e+06
6.317280000000000000e+06
6.331840000000000000e+06
6.346400000000000000e+06
6.360960000000000000e+06
6.375520000000000000e+06
6.390080000000000000e+06
6.404640000000000000e+06
6.419200000000000000e+06
6.433760000000000000e+06
6.448320000000000000e+06
6.462880000000000000e+06
6.477440000000000000e+06
6.492000000000000000e+06
6.506560000000000000e+06
6.521120000000000000e+06
6.535680000000000000e+06
6.550240000000000000e+06
6.564800000000000000e+06
6.579360000000000000e+06
6.593920000000000000e+06
6.608480000000000000e+06
6.623040000000000000e+06
6.637600000000000000e+06
6.652160000000000000e+06
6.666720000000000000e+06
6.681280000000000000e+06
6.695840000000000000e+06
6.710400000000000000e+06
6.724960000000000000e+06
6.739520000000000000e+06
6.754080000000000000e+06
6.768648000000000000e+06
6.783200000000000000e+06
6.797760000000000000e+06
6.812320000000000000e+06
6.826880000000000000e+06
6.841440000000000000e+06
6.856000000000000000e+06
6.870560000000000000e+06
6.885120000000000000e+06
6.899680000000000000e+06
6.914240000000000000e+06
6.928800000000000000e+06
6.943360000000000000e+06
6.957920000000000000e+06
6.972480000000000000e+06
6.987040000000000000e+06
7.001600000000000000e+06
7.016160000000000000e+06
7.030720000000000000e+06
7.045280000000000000e+06
7.059840000000000000e+06
7.074400000000000000e+06
7.088960000000000000e+06
7.103520000000000000e+06
7.118080000000000000e+06
7.132640000000000000e+06
7.147200000000000000e+06
7.161760000000000000e+06
7.176320000000000000e+06
7.190880000000000000e+06
7.205440000000000000e+06
7.220000000000000000e+06
7.234568000000000000e+06
7.249120000000000000e+06
7.263680000000000000e+06
7.278240000000000000e+06
7.292800000000000000e+06
7.307360000000000000e+06
7.321920000000000000e+06
7.336480000000000000e+06
7.351040000000000000e+06
7.365600000000000000e+06
7.380160000000000000e+06
7.394720000000000000e+06
7.409280000000000000e+06
7.423840000000000000e+06
7.438400000000000000e+06
7.452960000000000000e+06
7.467520000000000000e+06
7.482080000000000000e+06
7.496640000000000000e+06
7.511200000000000000e+06
7.525760000000000000e+06
7.540320000000000000e+06
7.554880000000000000e+06
7.569440000000000000e+06
7.584000000000000000e+06
7.598560000000000000e+06
7.613120000000000000e+06
7.627680000000000000e+06
7.642240000000000000e+06
7.656800000000000000e+06
7.671360000000000000e+06
7.685920000000000000e+06
7.700488000000000000e+06
7.715040000000000000e+06
7.729600000000000000e+06
7.744160000000000000e+06
7.758720000000000000e+06
7.773280000000000000e+06
7.787840000000000000e+06
7.802400000000000000e+06
7.816960000000000000e+06
7.831520000000000000e+06
7.846080000000000000e+06
7.860640000000000000e+06
7.875200000000000000e+06
7.889760000000000000e+06
7.904320000000000000e+06
7.918880000000000000e+06
7.933440000000000000e+06
7.948000000000000000e+06
7.962560000000000000e+06
7.977120000000000000e+06
7.991680000000000000e+06
8.006240000000000000e+06
8.020800000000000000e+06
8.035360000000000000e+06
8.049920000000000000e+06
8.064480000000000000e+06
8.079040000000000000e+06
8.093600000000000000e+06
8.108160000000000000e+06
8.122720000000000000e+06
8.137280000000000000e+06
8.151840000000000000e+06
8.166408000000000000e+06
8.180960000000000000e+06
8.195520000000000000e+06
8.210080000000000000e+06
8.224640000000000000e+06
8.239200000000000000e+06
8.253760000000000000e+06
8.268320000000000000e+06
8.282880000000000000e+06
8.297440000000000000e+06
8.312000000000000000e+06
8.326560000000000000e+06
8.341120000000000000e+06
8.355680000000000000e+06
8.370240000000000000e+06
8.384800000000000000e+06
8.399360000000000000e+06
8.413920000000000000e+06
8.428480000000000000e+06
8.443040000000000000e+06
8.457600000000000000e+06
8.472160000000000000e+06
8.486720000000000000e+06
8.501280000000000000e+06
8.515840000000000000e+06
8.530400000000000000e+06
8.544960000000000000e+06
8.559520000000000000e+06
8.574080000000000000e+06
8.588640000000000000e+06
8.603200000000000000e+06
8.617764000000000000e+06
8.632328000000000000e+06
8.646880000000000000e+06
8.661440000000000000e+06
8.676000000000000000e+06
8.690560000000000000e+06
8.705120000000000000e+06
8.719680000000000000e+06
8.734240000000000000e+06
8.748800000000000000e+06
8.763360000000000000e+06
8.777920000000000000e+06
8.792480000000000000e+06
8.807040000000000000e+06
8.821600000000000000e+06
8.836160000000000000e+06
8.850720000000000000e+06
8.865280000000000000e+06
8.879840000000000000e+06
8.894400000000000000e+06
8.908960000000000000e+06
8.923520000000000000e+06
8.938080000000000000e+06
8.952640000000000000e+06
8.967200000000000000e+06
8.981760000000000000e+06
8.996320000000000000e+06
9.010880000000000000e+06
9.025440000000000000e+06
9.040000000000000000e+06
9.054560000000000000e+06
9.069120000000000000e+06
9.083680000000000000e+06
9.098248000000000000e+06
9.112800000000000000e+06
9.127360000000000000e+06
9.141920000000000000e+06
9.156480000000000000e+06
9.171040000000000000e+06
9.185600000000000000e+06
9.200160000000000000e+06
9.214720000000000000e+06
9.229280000000000000e+06
9.243840000000000000e+06
9.258400000000000000e+06
9.272960000000000000e+06
9.287520000000000000e+06
9.302080000000000000e+06
9.316640000000000000e+06
9.331200000000000000e+06
9.345760000000000000e+06
9.360320000000000000e+06
9.374880000000000000e+06
9.389440000000000000e+06
9.404000000000000000e+06
9.418560000000000000e+06
9.433120000000000000e+06
9.447680000000000000e+06
9.462240000000000000e+06
9.476800000000000000e+06
9.491360000000000000e+06
9.505920000000000000e+06
9.520480000000000000e+06
9.535040000000000000e+06
9.549600000000000000e+06
9.564168000000000000e+06
9.578720000000000000e+06
9.593280000000000000e+06
9.607840000000000000e+06
9.622400000000000000e+06
9.636960000000000000e+06
9.651520000000000000e+06
9.666080000000000000e+06
9.680640000000000000e+06
9.695200000000000000e+06
9.709760000000000000e+06
9.724320000000000000e+06
9.738880000000000000e+06
9.753440000000000000e+06
9.768000000000000000e+06
9.782560000000000000e+06
9.797120000000000000e+06
9.811680000000000000e+06
9.826240000000000000e+06
9.840800000000000000e+06
9.855360000000000000e+06
9.869920000000000000e+06
9.884480000000000000e+06
9.899040000000000000e+06
9.913600000000000000e+06
9.928160000000000000e+06
9.942720000000000000e+06
9.957280000000000000e+06
9.971840000000000000e+06
9.986400000000000000e+06
1.000096000000000000e+07
1.001656000000000000e+07
1.003216000000000000e+07
1.004776000000000000e+07
1.006336000000000000e+07
1.007896000000000000e+07
1.009456000000000000e+07
1.011016000000000000e+07
1.012576000000000000e+07
1.014136000000000000e+07
1.015696000000000000e+07
1.017256000000000000e+07
1.018816000000000000e+07
1.020376000000000000e+07
1.021936000000000000e+07
1.023496000000000000e+07
1.025056000000000000e+07
1.026616000000000000e+07
1.028176000000000000e+07
1.029736400000000000e+07
1.031296000000000000e+07
1.032856000000000000e+07
1.034416000000000000e+07
1.035976000000000000e+07
1.037536000000000000e+07
1.039096000000000000e+07
1.040656000000000000e+07
1.042216000000000000e+07
1.043776000000000000e+07
1.045336000000000000e+07
1.046896000000000000e+07
1.048456000000000000e+07
1.050016000000000000e+07
1.051576000000000000e+07
1.053136000000000000e+07
1.054696000000000000e+07
1.056256800000000000e+07
1.057816000000000000e+07
1.059376000000000000e+07
1.060936000000000000e+07
1.062496000000000000e+07
1.064056000000000000e+07
1.065616000000000000e+07
1.067176000000000000e+07
1.068736000000000000e+07
1.070296000000000000e+07
1.071856000000000000e+07
1.073416000000000000e+07
1.074976000000000000e+07
1.076536000000000000e+07
1.078096000000000000e+07
1.079656000000000000e+07
1.081216000000000000e+07
1.082776000000000000e+07
1.084336000000000000e+07
1.085896000000000000e+07
1.087456000000000000e+07
1.089016000000000000e+07
1.090576000000000000e+07
1.092136000000000000e+07
1.093696000000000000e+07
1.095256000000000000e+07
1.096816000000000000e+07
1.098376000000000000e+07
1.099936000000000000e+07
1.101496000000000000e+07
1.103056000000000000e+07
1.104616000000000000e+07
1.106176000000000000e+07
1.107736000000000000e+07
1.109296000000000000e+07
1.110856000000000000e+07
1.112416000000000000e+07
1.113976000000000000e+07
1.115536000000000000e+07
1.117096000000000000e+07
1.118656000000000000e+07
1.120216000000000000e+07
1.121776000000000000e+07
1.123336000000000000e+07
1.124896000000000000e+07
1.126456000000000000e+07
1.128016000000000000e+07
1.129576400000000000e+07
1.131136000000000000e+07
1.132696000000000000e+07
1.134256000000000000e+07
1.135816000000000000e+07
1.137376000000000000e+07
1.138936000000000000e+07
1.140496000000000000e+07
1.142056000000000000e+07
1.143616000000000000e+07
1.145176000000000000e+07
1.146736000000000000e+07
1.148296000000000000e+07
1.149856000000000000e+07
1.151416000000000000e+07
1.152976000000000000e+07
1.154536000000000000e+07
1.156096800000000000e+07
1.157656000000000000e+07
1.159216000000000000e+07
1.160776000000000000e+07
1.162336000000000000e+07
1.163896000000000000e+07
1.165456000000000000e+07
1.167016000000000000e+07
1.168576000000000000e+07
1.170136000000000000e+07
1.171696000000000000e+07
1.173256000000000000e+07
1.174816000000000000e+07
1.176376000000000000e+07
1.177936000000000000e+07
1.179496000000000000e+07
1.181056000000000000e+07
1.182616000000000000e+07
1.184176000000000000e+07
1.185736000000000000e+07
1.187296000000000000e+07
1.188856000000000000e+07
1.190416000000000000e+07
1.191976000000000000e+07
1.193536000000000000e+07
1.195096000000000000e+07
1.196656000000000000e+07
1.198216000000000000e+07
1.199776000000000000e+07
1.201336000000000000e+07
1.202896000000000000e+07
1.204456000000000000e+07
1.206016000000000000e+07
1.207576000000000000e+07
1.209136000000000000e+07
1.210696000000000000e+07
1.212256000000000000e+07
1.213816000000000000e+07
1.215376000000000000e+07
1.216936000000000000e+07
1.218496000000000000e+07
1.220056000000000000e+07
1.221616000000000000e+07
1.223176000000000000e+07
1.224736000000000000e+07
1.226296000000000000e+07
1.227856000000000000e+07
1.229416400000000000e+07
1.230976000000000000e+07
1.232536000000000000e+07
1.234096000000000000e+07
1.235656000000000000e+07
1.237216000000000000e+07
1.238776000000000000e+07
1.240336000000000000e+07
1.241896000000000000e+07
1.243456000000000000e+07
1.245016000000000000e+07
1.246576000000000000e+07
1.248136000000000000e+07
1.249696000000000000e+07
1.251256000000000000e+07
1.252816000000000000e+07
1.254376000000000000e+07
1.255936800000000000e+07
1.257496000000000000e+07
1.259056000000000000e+07
1.260616000000000000e+07
1.262176000000000000e+07
1.263736000000000000e+07
1.265296000000000000e+07
1.266856000000000000e+07
1.268416000000000000e+07
1.269976000000000000e+07
1.271536000000000000e+07
1.273096000000000000e+07
1.274656000000000000e+07
1.276216000000000000e+07
1.277776000000000000e+07
1.279336000000000000e+07
1.280896000000000000e+07
1.282456000000000000e+07
1.284016000000000000e+07
1.285576000000000000e+07
1.287136000000000000e+07
1.288696000000000000e+07
1.290256000000000000e+07
1.291816000000000000e+07
1.293376000000000000e+07
1.294936000000000000e+07
1.296496000000000000e+07
1.298056000000000000e+07
1.299616000000000000e+07
1.301176000000000000e+07
1.302736000000000000e+07
1.304296000000000000e+07
1.305856000000000000e+07
1.307416000000000000e+07
1.308976000000000000e+07
1.310536000000000000e+07
1.312096000000000000e+07
1.313656000000000000e+07
1.315216000000000000e+07
1.316776000000000000e+07
1.318336000000000000e+07
1.319896000000000000e+07
1.321456000000000000e+07
1.323016000000000000e+07
1.324576000000000000e+07
1.326136000000000000e+07
1.327696000000000000e+07
1.329256400000000000e+07
1.330816000000000000e+07
1.332376000000000000e+07
1.333936000000000000e+07
1.335496000000000000e+07
1.337056000000000000e+07
1.338616000000000000e+07
1.340176000000000000e+07
1.341736000000000000e+07
1.343296000000000000e+07
1.344856000000000000e+07
1.346416000000000000e+07
1.347976000000000000e+07
1.349536000000000000e+07
1.351096000000000000e+07
1.352656000000000000e+07
1.354216000000000000e+07
1.355776800000000000e+07
1.357336000000000000e+07
1.358896000000000000e+07
1.360456000000000000e+07
1.362016000000000000e+07
1.363576000000000000e+07
1.365136000000000000e+07
1.366696000000000000e+07
1.368256000000000000e+07
1.369816000000000000e+07
1.371376000000000000e+07
1.372936000000000000e+07
1.374496000000000000e+07
1.376056000000000000e+07
1.377616000000000000e+07
1.379176000000000000e+07
1.380736000000000000e+07
1.382296000000000000e+07
1.383856000000000000e+07
1.385416000000000000e+07
1.386976000000000000e+07
1.388536000000000000e+07
1.390096000000000000e+07
1.391656000000000000e+07
1.393216000000000000e+07
1.394776000000000000e+07
1.396336000000000000e+07
1.397896000000000000e+07
1.399456000000000000e+07
1.401016000000000000e+07
1.402576000000000000e+07
1.404136000000000000e+07
1.405696000000000000e+07
1.407256000000000000e+07
1.408816000000000000e+07
1.410376000000000000e+07
1.411936000000000000e+07
1.413496000000000000e+07
1.415056000000000000e+07
1.416616000000000000e+07
1.418176000000000000e+07
1.419736000000000000e+07
1.421296000000000000e+07
1.422856000000000000e+07
1.424416000000000000e+07
1.425976000000000000e+07
1.427536000000000000e+07
1.429096400000000000e+07
1.430656000000000000e+07
1.432216000000000000e+07
1.433776000000000000e+07
1.435336000000000000e+07
1.436896000000000000e+07
1.438456000000000000e+07
1.440016000000000000e+07
1.441576000000000000e+07
1.443136000000000000e+07
1.444696000000000000e+07
1.446256000000000000e+07
1.447816000000000000e+07
1.449376000000000000e+07
1.450936000000000000e+07
1.452496000000000000e+07
1.454056000000000000e+07
1.455616800000000000e+07
1.457176000000000000e+07
1.458736000000000000e+07
1.460296000000000000e+07
1.461856000000000000e+07
1.463416000000000000e+07
1.464976000000000000e+07
1.466536000000000000e+07
1.468096000000000000e+07
1.469656000000000000e+07
1.471216000000000000e+07
1.472776000000000000e+07
1.474336000000000000e+07
1.475896000000000000e+07
1.477456000000000000e+07
1.479016000000000000e+07
1.480576000000000000e+07
1.482136000000000000e+07
1.483696000000000000e+07
1.485256000000000000e+07
1.486816000000000000e+07
1.488376000000000000e+07
1.489936000000000000e+07
1.491496000000000000e+07
1.493056000000000000e+07
1.494616000000000000e+07
1.496176000000000000e+07
1.497736000000000000e+07
1.499296000000000000e+07
1.500856000000000000e+07
1.502416000000000000e+07
1.503976000000000000e+07
1.505536000000000000e+07
1.507096000000000000e+07
1.508656000000000000e+07
1.510216000000000000e+07
1.511776000000000000e+07
1.513336000000000000e+07
1.514896000000000000e+07
1.516456000000000000e+07
1.518016000000000000e+07
1.519576000000000000e+07
1.521136000000000000e+07
1.522696000000000000e+07
1.524256000000000000e+07
1.525816000000000000e+07
1.527376000000000000e+07
1.528936400000000000e+07
1.530496000000000000e+07
1.532056000000000000e+07
1.533616000000000000e+07
1.535176000000000000e+07
1.536736000000000000e+07
1.538296000000000000e+07
1.539856000000000000e+07
1.541416000000000000e+07
1.542976000000000000e+07
1.544536000000000000e+07
1.546096000000000000e+07
1.547656000000000000e+07
1.549216000000000000e+07
1.550776000000000000e+07
1.552336000000000000e+07
1.553896000000000000e+07
1.555456800000000000e+07
1.557016000000000000e+07
1.558576000000000000e+07
1.560136000000000000e+07
1.561696000000000000e+07
1.563256000000000000e+07
1.564816000000000000e+07
1.566376000000000000e+07
1.567936000000000000e+07
1.569496000000000000e+07
1.571056000000000000e+07
1.572616000000000000e+07
1.574176000000000000e+07
1.575736000000000000e+07
1.577296000000000000e+07
1.578856000000000000e+07
1.580416000000000000e+07
1.581976000000000000e+07
1.583536000000000000e+07
1.585096000000000000e+07
1.586656000000000000e+07
1.588216000000000000e+07
1.589776000000000000e+07
1.591336000000000000e+07
1.592896000000000000e+07
1.594456000000000000e+07
1.596016000000000000e+07
1.597576000000000000e+07
1.599136000000000000e+07
1.600696000000000000e+07
1.602256000000000000e+07
1.603816000000000000e+07
1.605376000000000000e+07
1.606936000000000000e+07
1.608496000000000000e+07
1.610056000000000000e+07
1.611616000000000000e+07
1.613176000000000000e+07
1.614736000000000000e+07
1.616296000000000000e+07
1.617856000000000000e+07
1.619416000000000000e+07
1.620976000000000000e+07
1.622536000000000000e+07
1.624096000000000000e+07
1.625656000000000000e+07
1.627216000000000000e+07
1.628776400000000000e+07
1.630336000000000000e+07
1.631896000000000000e+07
1.633456000000000000e+07
1.635016000000000000e+07
1.636576000000000000e+07
1.638136000000000000e+07
1.639696000000000000e+07
1.641256000000000000e+07
1.642816000000000000e+07
1.644376000000000000e+07
1.645936000000000000e+07
1.647496000000000000e+07
1.649056000000000000e+07
1.650616000000000000e+07
1.652176000000000000e+07
1.653736000000000000e+07
1.655296800000000000e+07
1.656856000000000000e+07
1.658416000000000000e+07
1.659976000000000000e+07
1.661536000000000000e+07
1.663096000000000000e+07
1.664656000000000000e+07
1.666216000000000000e+07
1.667776000000000000e+07
1.669336000000000000e+07
1.670896000000000000e+07
1.672456000000000000e+07
1.674016000000000000e+07
1.675576000000000000e+07
1.677136000000000000e+07
1.678696000000000000e+07
1.680256000000000000e+07
1.681816000000000000e+07
1.683376000000000000e+07
1.684936000000000000e+07
1.686496000000000000e+07
1.688056000000000000e+07
1.689616000000000000e+07
1.691176000000000000e+07
1.692736000000000000e+07
1.694296000000000000e+07
1.695856000000000000e+07
1.697416000000000000e+07
1.698976000000000000e+07
1.700536000000000000e+07
1.702096000000000000e+07
1.703656000000000000e+07
1.705216000000000000e+07
1.706776000000000000e+07
1.708336000000000000e+07
1.709896000000000000e+07
1.711456000000000000e+07
1.713016000000000000e+07
1.714576000000000000e+07
1.716136000000000000e+07
1.717696000000000000e+07
1.719256000000000000e+07
1.720816000000000000e+07
1.722376000000000000e+07
1.723936000000000000e+07
1.725496000000000000e+07
1.727056000000000000e+07
1.728616400000000000e+07
1.730176000000000000e+07
1.731736000000000000e+07
1.733296000000000000e+07
1.734856000000000000e+07
1.736416000000000000e+07
1.737976000000000000e+07
1.739536000000000000e+07
1.741096000000000000e+07
1.742656000000000000e+07
1.744216000000000000e+07
1.745776000000000000e+07
1.747336000000000000e+07
1.748896000000000000e+07
1.750456000000000000e+07
1.752016000000000000e+07
1.753576000000000000e+07
1.755136800000000000e+07
1.756696000000000000e+07
1.758256000000000000e+07
1.759816000000000000e+07
1.761376000000000000e+07
1.762936000000000000e+07
1.764496000000000000e+07
1.766056000000000000e+07
1.767616000000000000e+07
1.769176000000000000e+07
1.770736000000000000e+07
1.772296000000000000e+07
1.773856000000000000e+07
1.775416000000000000e+07
1.776976000000000000e+07
1.778536000000000000e+07
1.780096000000000000e+07
1.781656000000000000e+07
1.783216000000000000e+07
1.784776000000000000e+07
1.786336000000000000e+07
1.787896000000000000e+07
1.789456000000000000e+07
1.791016000000000000e+07
1.792576000000000000e+07
1.794136000000000000e+07
1.795696000000000000e+07
1.797256000000000000e+07
1.798816000000000000e+07
1.800376000000000000e+07
1.801936000000000000e+07
1.803496000000000000e+07
1.805056000000000000e+07
1.806616000000000000e+07
1.808176000000000000e+07
1.809736000000000000e+07
1.811296000000000000e+07
1.812856000000000000e+07
1.814416000000000000e+07
1.815976000000000000e+07
1.817536000000000000e+07
1.819096000000000000e+07
1.820656000000000000e+07
1.822216000000000000e+07
1.823776000000000000e+07
1.825336000000000000e+07
1.826896000000000000e+07
1.828456400000000000e+07
1.830016000000000000e+07
1.831576000000000000e+07
1.833136000000000000e+07
1.834696000000000000e+07
1.836256000000000000e+07
1.837816000000000000e+07
1.839376000000000000e+07
1.840936000000000000e+07
1.842496000000000000e+07
1.844056000000000000e+07
1.845616000000000000e+07
1.847176000000000000e+07
1.848736000000000000e+07
1.850296000000000000e+07
1.851856000000000000e+07
1.853416000000000000e+07
1.854976800000000000e+07
1.856536000000000000e+07
1.858096000000000000e+07
1.859656000000000000e+07
1.861216000000000000e+07
1.862776000000000000e+07
1.864336000000000000e+07
1.865896000000000000e+07
1.867456000000000000e+07
1.869016000000000000e+07
1.870576000000000000e+07
1.872136000000000000e+07
1.873696000000000000e+07
1.875256000000000000e+07
1.876816000000000000e+07
1.878376000000000000e+07
1.879936000000000000e+07
1.881496000000000000e+07
1.883056000000000000e+07
1.884616000000000000e+07
1.886176000000000000e+07
1.887736000000000000e+07
1.889296000000000000e+07
1.890856000000000000e+07
1.892416000000000000e+07
1.893976000000000000e+07
1.895536000000000000e+07
1.897096000000000000e+07
1.898656000000000000e+07
1.900216000000000000e+07
1.901776000000000000e+07
1.903336000000000000e+07
1.904896000000000000e+07
1.906456000000000000e+07
1.908016000000000000e+07
1.909576000000000000e+07
1.911136000000000000e+07
1.912696000000000000e+07
1.914256000000000000e+07
1.915816000000000000e+07
1.917376000000000000e+07
1.918936000000000000e+07
1.920496000000000000e+07
1.922056000000000000e+07
1.923616000000000000e+07
1.925176000000000000e+07
1.926736000000000000e+07
1.928296400000000000e+07
1.929856000000000000e+07
1.931416000000000000e+07
1.932976000000000000e+07
1.934536000000000000e+07
1.936096000000000000e+07
1.937656000000000000e+07
1.939216000000000000e+07
1.940776000000000000e+07
1.942336000000000000e+07
1.943896000000000000e+07
1.945456000000000000e+07
1.947016000000000000e+07
1.948576000000000000e+07
1.950136000000000000e+07
1.951696000000000000e+07
1.953256000000000000e+07
1.954816800000000000e+07
1.956376000000000000e+07
1.957936000000000000e+07
1.959496000000000000e+07
1.961056000000000000e+07
1.962616000000000000e+07
1.964176000000000000e+07
1.965736000000000000e+07
1.967296000000000000e+07
1.968856000000000000e+07
1.970416000000000000e+07
1.971976000000000000e+07
1.973536000000000000e+07
1.975096000000000000e+07
1.976656000000000000e+07
1.978216000000000000e+07
1.979776000000000000e+07
1.981336000000000000e+07
1.982896000000000000e+07
1.984456000000000000e+07
1.986016000000000000e+07
1.987576000000000000e+07
1.989136000000000000e+07
1.990696000000000000e+07
1.992256000000000000e+07
1.993816000000000000e+07
1.995376000000000000e+07
1.996936000000000000e+07
1.998496000000000000e+07
2.000056000000000000e+07
2.001616000000000000e+07
2.003176000000000000e+07
2.004736000000000000e+07
2.006296000000000000e+07
2.007856000000000000e+07
2.009416000000000000e+07
2.010976000000000000e+07
2.012536000000000000e+07
2.014096000000000000e+07
2.015656000000000000e+07
2.017216000000000000e+07
2.018776000000000000e+07
2.020336000000000000e+07
2.021896000000000000e+07
2.023456000000000000e+07
2.025016000000000000e+07
2.026576000000000000e+07
2.028136400000000000e+07
2.029696000000000000e+07
2.031256000000000000e+07
2.032816000000000000e+07
2.034376000000000000e+07
2.035936000000000000e+07
2.037496000000000000e+07
2.039056000000000000e+07
2.040616000000000000e+07
2.042176000000000000e+07
2.043736000000000000e+07
2.045296000000000000e+07
2.046856000000000000e+07
2.048416000000000000e+07
2.049976000000000000e+07
2.051536000000000000e+07
2.053096000000000000e+07
2.054656800000000000e+07
2.056216000000000000e+07
2.057776000000000000e+07
2.059336000000000000e+07
2.060896000000000000e+07
2.062456000000000000e+07
2.064016000000000000e+07
2.065576000000000000e+07
2.067136000000000000e+07
2.068696000000000000e+07
2.070256000000000000e+07
2.071816000000000000e+07
2.073376000000000000e+07
2.074936000000000000e+07
2.076496000000000000e+07
2.078056000000000000e+07
2.079616000000000000e+07
2.081176000000000000e+07
2.082736000000000000e+07
2.084296000000000000e+07
2.085856000000000000e+07
2.087416000000000000e+07
2.088976000000000000e+07
2.090536000000000000e+07
2.092096000000000000e+07
2.093656000000000000e+07
2.095216000000000000e+07
2.096776000000000000e+07
2.098336000000000000e+07
2.099896000000000000e+07
2.101456000000000000e+07
2.103016000000000000e+07
2.104576000000000000e+07
2.106136000000000000e+07
2.107696000000000000e+07
2.109256000000000000e+07
2.110816000000000000e+07
2.112376000000000000e+07
2.113936000000000000e+07
2.115496000000000000e+07
2.117056000000000000e+07
2.118616000000000000e+07
2.120176000000000000e+07
2.121736000000000000e+07
2.123296000000000000e+07
2.124856000000000000e+07
2.126416000000000000e+07
2.127976400000000000e+07
2.129536000000000000e+07
2.131096000000000000e+07
2.132656000000000000e+07
2.134216000000000000e+07
2.135776000000000000e+07
2.137336000000000000e+07
2.138896000000000000e+07
2.140456000000000000e+07
2.142016000000000000e+07
2.143576000000000000e+07
2.145136000000000000e+07
2.146696000000000000e+07
2.148256000000000000e+07
2.149816000000000000e+07
2.151376000000000000e+07
2.152936000000000000e+07
2.154496800000000000e+07
2.156056000000000000e+07
2.157616000000000000e+07
2.159176000000000000e+07
2.160736000000000000e+07
2.162296000000000000e+07
2.163856000000000000e+07
2.165416000000000000e+07
2.166976000000000000e+07
2.168536000000000000e+07
2.170096000000000000e+07
2.171656000000000000e+07
2.173216000000000000e+07
2.174776000000000000e+07
2.176336000000000000e+07
2.177896000000000000e+07
2.179456000000000000e+07
2.181016000000000000e+07
2.182576000000000000e+07
2.184136000000000000e+07
2.185696000000000000e+07
2.187256000000000000e+07
2.188816000000000000e+07
2.190376000000000000e+07
2.191936000000000000e+07
2.193496000000000000e+07
2.195056000000000000e+07
2.196616000000000000e+07
2.198176000000000000e+07
2.199736000000000000e+07
2.201296000000000000e+07
2.202856000000000000e+07
2.204416000000000000e+07
2.205976000000000000e+07
2.207536000000000000e+07
2.209096000000000000e+07
2.210656000000000000e+07
2.212216000000000000e+07
2.213776000000000000e+07
2.215336000000000000e+07
2.216896000000000000e+07
2.218456000000000000e+07
2.220016000000000000e+07
2.221576000000000000e+07
2.223136000000000000e+07
2.224696000000000000e+07
2.226256000000000000e+07
2.227816400000000000e+07
2.229376000000000000e+07
2.230936000000000000e+07
2.232496000000000000e+07
2.234056000000000000e+07
2.235616000000000000e+07
2.237176000000000000e+07
2.238736000000000000e+07
2.240296000000000000e+07
2.241856000000000000e+07
2.243416000000000000e+07
2.244976000000000000e+07
2.246536000000000000e+07
2.248096000000000000e+07
2.249656000000000000e+07
2.251216000000000000e+07
2.252776000000000000e+07
2.254336800000000000e+07
2.255896000000000000e+07
2.257456000000000000e+07
2.259016000000000000e+07
2.260576000000000000e+07
2.262136000000000000e+07
2.263696000000000000e+07
2.265256000000000000e+07
2.266816000000000000e+07
2.268376000000000000e+07
2.269936000000000000e+07
2.271496000000000000e+07
2.273056000000000000e+07
2.274616000000000000e+07
2.276176000000000000e+07
2.277736000000000000e+07
2.279296000000000000e+07
2.280856000000000000e+07
2.282416000000000000e+07
2.283976000000000000e+07
2.285536000000000000e+07
2.287096000000000000e+07
2.288656000000000000e+07
2.290216000000000000e+07
2.291776000000000000e+07
2.293336000000000000e+07
2.294896000000000000e+07
2.296456000000000000e+07
2.298016000000000000e+07
2.299576000000000000e+07
2.301136000000000000e+07
2.302696000000000000e+07
2.304256000000000000e+07
2.305816000000000000e+07
2.307376000000000000e+07
2.308936000000000000e+07
2.310496000000000000e+07
2.312056000000000000e+07
2.313616000000000000e+07
2.315176000000000000e+07
2.316736000000000000e+07
2.318296000000000000e+07
2.319856000000000000e+07
2.321416000000000000e+07
2.322976000000000000e+07
2.324536000000000000e+07
2.326096000000000000e+07
2.327656400000000000e+07
2.329216000000000000e+07
2.330776000000000000e+07
2.332336000000000000e+07
2.333896000000000000e+07
2.335456000000000000e+07
2.337016000000000000e+07
2.338576000000000000e+07
2.340136000000000000e+07
2.341696000000000000e+07
2.343256000000000000e+07
2.344816000000000000e+07
2.346376000000000000e+07
2.347936000000000000e+07
2.349496000000000000e+07
2.351056000000000000e+07
2.352616000000000000e+07
2.354176800000000000e+07
2.355736000000000000e+07
2.357296000000000000e+07
2.358856000000000000e+07
2.360416000000000000e+07
2.361976000000000000e+07
2.363536000000000000e+07
2.365096000000000000e+07
2.366656000000000000e+07
2.368216000000000000e+07
2.369776000000000000e+07
2.371336000000000000e+07
2.372896000000000000e+07
2.374456000000000000e+07
2.376016000000000000e+07
2.377576000000000000e+07
2.379136000000000000e+07
2.380696000000000000e+07
2.382256000000000000e+07
2.383816000000000000e+07
2.385376000000000000e+07
2.386936000000000000e+07
2.388496000000000000e+07
2.390056000000000000e+07
2.391616000000000000e+07
2.393176000000000000e+07
2.394736000000000000e+07
2.396296000000000000e+07
2.397856000000000000e+07
2.399416000000000000e+07
2.400976000000000000e+07
2.402536000000000000e+07
2.404096000000000000e+07
2.405656000000000000e+07
2.407216000000000000e+07
2.408776000000000000e+07
2.410336000000000000e+07
2.411896000000000000e+07
2.413456000000000000e+07
2.415016000000000000e+07
2.416576000000000000e+07
2.418136000000000000e+07
2.419696000000000000e+07
2.421256000000000000e+07
2.422816000000000000e+07
2.424376000000000000e+07
2.425936000000000000e+07
2.427496400000000000e+07
2.429056000000000000e+07
2.430616000000000000e+07
2.432176000000000000e+07
2.433736000000000000e+07
2.435296000000000000e+07
2.436856000000000000e+07
2.438416000000000000e+07
2.439976000000000000e+07
2.441536000000000000e+07
2.443096000000000000e+07
2.444656000000000000e+07
2.446216000000000000e+07
2.447776000000000000e+07
2.449336000000000000e+07
2.450896000000000000e+07
2.452456000000000000e+07
2.454016800000000000e+07
2.455576000000000000e+07
2.457136000000000000e+07
2.458696000000000000e+07
2.460256000000000000e+07
2.461816000000000000e+07
2.463376000000000000e+07
2.464936000000000000e+07
2.466496000000000000e+07
2.468056000000000000e+07
2.469616000000000000e+07
2.471176000000000000e+07
2.472736000000000000e+07
2.474296000000000000e+07
2.475856000000000000e+07
2.477416000000000000e+07
2.478976000000000000e+07
2.480536000000000000e+07
2.482096000000000000e+07
2.483656000000000000e+07
2.485216000000000000e+07
2.486776000000000000e+07
2.488336000000000000e+07
2.489896000000000000e+07
2.491456000000000000e+07
2.493016000000000000e+07
2.494576000000000000e+07
2.496136000000000000e+07
2.497696000000000000e+07
2.499256000000000000e+07
2.500816000000000000e+07
2.502376000000000000e+07
2.503936000000000000e+07
2.505496000000000000e+07
2.507056000000000000e+07
2.508616000000000000e+07
2.510176000000000000e+07
2.511736000000000000e+07
2.513296000000000000e+07
2.514856000000000000e+07
2.516416000000000000e+07
2.517976000000000000e+07
2.519536000000000000e+07
2.521096000000000000e+07
2.522656000000000000e+07
2.524216000000000000e+07
2.525776000000000000e+07
2.527336400000000000e+07
2.528896000000000000e+07
2.530456000000000000e+07
2.532016000000000000e+07
2.533576000000000000e+07
2.535136000000000000e+07
2.536696000000000000e+07
2.538256000000000000e+07
2.539816000000000000e+07
2.541376000000000000e+07
2.542936000000000000e+07
2.544496000000000000e+07
2.546056000000000000e+07
2.547616000000000000e+07
2.549176000000000000e+07
2.550736000000000000e+07
2.552296000000000000e+07
2.553856800000000000e+07
2.555416000000000000e+07
2.556976000000000000e+07
2.558536000000000000e+07
2.560096000000000000e+07
2.561656000000000000e+07
2.563216000000000000e+07
2.564776000000000000e+07
2.566336000000000000e+07
2.567896000000000000e+07
2.569456000000000000e+07
2.571016000000000000e+07
2.572576000000000000e+07
2.574136000000000000e+07
2.575696000000000000e+07
2.577256000000000000e+07
2.578816000000000000e+07
2.580376000000000000e+07
2.581936000000000000e+07
2.583496000000000000e+07
2.585056000000000000e+07
2.586616000000000000e+07
2.588176000000000000e+07
2.589736000000000000e+07
2.591296000000000000e+07
2.592856000000000000e+07
2.594416000000000000e+07
2.595976000000000000e+07
2.597536000000000000e+07
2.599096000000000000e+07
2.600656000000000000e+07
2.602216000000000000e+07
2.603776000000000000e+07
2.605336000000000000e+07
2.606896000000000000e+07
2.608456000000000000e+07
2.610016000000000000e+07
2.611576000000000000e+07
2.613136000000000000e+07
2.614696000000000000e+07
2.616256000000000000e+07
2.617816000000000000e+07
2.619376000000000000e+07
2.620936000000000000e+07
2.622496000000000000e+07
2.624056000000000000e+07
2.625616000000000000e+07
2.627176400000000000e+07
2.628736000000000000e+07
2.630296000000000000e+07
2.631856000000000000e+07
2.633416000000000000e+07
2.634976000000000000e+07
2.636536000000000000e+07
2.638096000000000000e+07
2.639656000000000000e+07
2.641216000000000000e+07
2.642776000000000000e+07
2.644336000000000000e+07
2.645896000000000000e+07
2.647456000000000000e+07
2.649016000000000000e+07
2.650576000000000000e+07
2.652136000000000000e+07
2.653696800000000000e+07
2.655256000000000000e+07
2.656816000000000000e+07
2.658376000000000000e+07
2.659936000000000000e+07
2.661496000000000000e+07
2.663056000000000000e+07
2.664616000000000000e+07
2.666176000000000000e+07
2.667736000000000000e+07
2.669296000000000000e+07
2.670856000000000000e+07
2.672416000000000000e+07
2.673976000000000000e+07
2.675536000000000000e+07
2.677096000000000000e+07
2.678656000000000000e+07
2.680216000000000000e+07
2.681776000000000000e+07
2.683336000000000000e+07
2.684896000000000000e+07
2.686456000000000000e+07
2.688016000000000000e+07
2.689576000000000000e+07
2.691136000000000000e+07
2.692696000000000000e+07
2.694256000000000000e+07
2.695816000000000000e+07
2.697376000000000000e+07
2.698936000000000000e+07
2.700496000000000000e+07
2.702056000000000000e+07
2.703616000000000000e+07
2.705176000000000000e+07
2.706736000000000000e+07
2.708296000000000000e+07
2.709856000000000000e+07
2.711416000000000000e+07
2.712976000000000000e+07
2.714536000000000000e+07
2.716096000000000000e+07
2.717656000000000000e+07
2.719216000000000000e+07
2.720776000000000000e+07
2.722336000000000000e+07
2.723896000000000000e+07
2.725456000000000000e+07
2.727016400000000000e+07
2.728576000000000000e+07
2.730136000000000000e+07
2.731696000000000000e+07
2.733256000000000000e+07
2.734816000000000000e+07
2.736376000000000000e+07
2.737936000000000000e+07
2.739496000000000000e+07
2.741056000000000000e+07
2.742616000000000000e+07
2.744176000000000000e+07
2.745736000000000000e+07
2.747296000000000000e+07
2.748856000000000000e+07
2.750416000000000000e+07
2.751976000000000000e+07
2.753536800000000000e+07
2.755096000000000000e+07
2.756656000000000000e+07
2.758216000000000000e+07
2.759776000000000000e+07
2.761336000000000000e+07
2.762896000000000000e+07
2.764456000000000000e+07
2.766016000000000000e+07
2.767576000000000000e+07
2.769136000000000000e+07
2.770696000000000000e+07
2.772256000000000000e+07
2.773816000000000000e+07
2.775376000000000000e+07
2.776936000000000000e+07
2.778496000000000000e+07
2.780056000000000000e+07
2.781616000000000000e+07
2.783176000000000000e+07
2.784736000000000000e+07
2.786296000000000000e+07
2.787856000000000000e+07
2.789416000000000000e+07
2.790976000000000000e+07
2.792536000000000000e+07
2.794096000000000000e+07
2.795656000000000000e+07
2.797216000000000000e+07
2.798776000000000000e+07
2.800336000000000000e+07
2.801896000000000000e+07
2.803456000000000000e+07
2.805016000000000000e+07
2.806576000000000000e+07
2.808136000000000000e+07
2.809696000000000000e+07
2.811256000000000000e+07
2.812816000000000000e+07
2.814376000000000000e+07
2.815936000000000000e+07
2.817496000000000000e+07
2.819056000000000000e+07
2.820616000000000000e+07
2.822176000000000000e+07
2.823736000000000000e+07
2.825296000000000000e+07
2.826856400000000000e+07
2.828416000000000000e+07
2.829976000000000000e+07
2.831536000000000000e+07
2.833096000000000000e+07
2.834656000000000000e+07
2.836216000000000000e+07
2.837776000000000000e+07
2.839336000000000000e+07
2.840896000000000000e+07
2.842456000000000000e+07
2.844016000000000000e+07
2.845576000000000000e+07
2.847136000000000000e+07
2.848696000000000000e+07
2.850256000000000000e+07
2.851816000000000000e+07
2.853376800000000000e+07
2.854936000000000000e+07
2.856496000000000000e+07
2.858056000000000000e+07
2.859616000000000000e+07
2.861176000000000000e+07
2.862736000000000000e+07
2.864296000000000000e+07
2.865856000000000000e+07
2.867416000000000000e+07
2.868976000000000000e+07
2.870536000000000000e+07
2.872096000000000000e+07
2.873656000000000000e+07
2.875216000000000000e+07
2.876776000000000000e+07
2.878336000000000000e+07
2.879896000000000000e+07
2.881456000000000000e+07
2.883016000000000000e+07
2.884576000000000000e+07
2.886136000000000000e+07
2.887696000000000000e+07
2.889256000000000000e+07
2.890816000000000000e+07
2.892376000000000000e+07
2.893936000000000000e+07
2.895496000000000000e+07
2.897056000000000000e+07
2.898616000000000000e+07
2.900176000000000000e+07
2.901736000000000000e+07
2.903296000000000000e+07
2.904856000000000000e+07
2.906416000000000000e+07
2.907976000000000000e+07
2.909536000000000000e+07
2.911096000000000000e+07
2.912656000000000000e+07
2.914216000000000000e+07
2.915776000000000000e+07
2.917336000000000000e+07
2.918896000000000000e+07
2.920456000000000000e+07
2.922016000000000000e+07
2.923576000000000000e+07
2.925136000000000000e+07
2.926696400000000000e+07
2.928256000000000000e+07
2.929816000000000000e+07
2.931376000000000000e+07
2.932936000000000000e+07
2.934496000000000000e+07
2.936056000000000000e+07
2.937616000000000000e+07
2.939176000000000000e+07
2.940736000000000000e+07
2.942296000000000000e+07
2.943856000000000000e+07
2.945416000000000000e+07
2.946976000000000000e+07
2.948536000000000000e+07
2.950096000000000000e+07
2.951656000000000000e+07
2.953216800000000000e+07
2.954776000000000000e+07
2.956336000000000000e+07
2.957896000000000000e+07
2.959456000000000000e+07
2.961016000000000000e+07
2.962576000000000000e+07
2.964136000000000000e+07
2.965696000000000000e+07
2.967256000000000000e+07
2.968816000000000000e+07
2.970376000000000000e+07
2.971936000000000000e+07
2.973496000000000000e+07
2.975056000000000000e+07
2.976616000000000000e+07
2.978176000000000000e+07
2.979736000000000000e+07
2.981296000000000000e+07
2.982856000000000000e+07
2.984416000000000000e+07
2.985976000000000000e+07
2.987536000000000000e+07
2.989096000000000000e+07
2.990656000000000000e+07
2.992216000000000000e+07
2.993776000000000000e+07
2.995336000000000000e+07
2.996896000000000000e+07
2.998456000000000000e+07
3.000016000000000000e+07
3.001576000000000000e+07
3.003136000000000000e+07
3.004696000000000000e+07
3.006256000000000000e+07
3.007816000000000000e+07
3.009376000000000000e+07
3.010936000000000000e+07
3.012496000000000000e+07
3.014056000000000000e+07
3.015616000000000000e+07
3.017176000000000000e+07
3.018736000000000000e+07
3.020296000000000000e+07
3.021856000000000000e+07
3.023416000000000000e+07
3.024976000000000000e+07
3.026536400000000000e+07
3.028096000000000000e+07
3.029656000000000000e+07
3.031216000000000000e+07
3.032776000000000000e+07
3.034336000000000000e+07
3.035896000000000000e+07
3.037456000000000000e+07
3.039016000000000000e+07
3.040576000000000000e+07
3.042136000000000000e+07
3.043696000000000000e+07
3.045256000000000000e+07
3.046816000000000000e+07
3.048376000000000000e+07
3.049936000000000000e+07
3.051496000000000000e+07
3.053056800000000000e+07
3.054616000000000000e+07
3.056176000000000000e+07
3.057736000000000000e+07
3.059296000000000000e+07
3.060856000000000000e+07
3.062416000000000000e+07
3.063976000000000000e+07
3.065536000000000000e+07
3.067096000000000000e+07
3.068656000000000000e+07
3.070216000000000000e+07
3.071776000000000000e+07
3.073336000000000000e+07
3.074896000000000000e+07
3.076456000000000000e+07
